<?xml version="1.0" encoding="UTF-8"?>
<testng-results skipped="0" failed="0" total="1" passed="1">
  <reporter-output>
  </reporter-output>
  <suite name="Default suite" duration-ms="78" started-at="2019-02-06T17:51:35Z" finished-at="2019-02-06T17:51:35Z">
    <groups>
    </groups>
    <test name="Default test" duration-ms="78" started-at="2019-02-06T17:51:35Z" finished-at="2019-02-06T17:51:35Z">
      <class name="TestNGPackage.TestNGClass">
        <test-method status="PASS" signature="f()[pri:0, instance:TestNGPackage.TestNGClass@13c78c0b]" name="f" duration-ms="31" started-at="2019-02-06T23:21:35Z" finished-at="2019-02-06T23:21:35Z">
          <reporter-output>
          </reporter-output>
        </test-method> <!-- f -->
      </class> <!-- TestNGPackage.TestNGClass -->
    </test> <!-- Default test -->
  </suite> <!-- Default suite -->
</testng-results>
